==== Cycle 1 ====

The constructor 'Constructor: jp.wasabeef.recyclerview.adapters.AlphaInAnimationAdapter.AlphaInAnimationAdapter' was removed because the Java parameter type 'android.support.v7.widget.RecyclerView.Adapter' could not be found.
The constructor 'Constructor: jp.wasabeef.recyclerview.adapters.AlphaInAnimationAdapter.AlphaInAnimationAdapter' was removed because the Java parameter type 'android.support.v7.widget.RecyclerView.Adapter' could not be found.
The class '[Class] jp.wasabeef.recyclerview.adapters.AnimationAdapter' was removed because the Java base type 'android.support.v7.widget.RecyclerView.Adapter<android.support.v7.widget.RecyclerView.ViewHolder>' could not be found.
The constructor 'Constructor: jp.wasabeef.recyclerview.adapters.ScaleInAnimationAdapter.ScaleInAnimationAdapter' was removed because the Java parameter type 'android.support.v7.widget.RecyclerView.Adapter' could not be found.
The constructor 'Constructor: jp.wasabeef.recyclerview.adapters.ScaleInAnimationAdapter.ScaleInAnimationAdapter' was removed because the Java parameter type 'android.support.v7.widget.RecyclerView.Adapter' could not be found.
The constructor 'Constructor: jp.wasabeef.recyclerview.adapters.SlideInBottomAnimationAdapter.SlideInBottomAnimationAdapter' was removed because the Java parameter type 'android.support.v7.widget.RecyclerView.Adapter' could not be found.
The constructor 'Constructor: jp.wasabeef.recyclerview.adapters.SlideInLeftAnimationAdapter.SlideInLeftAnimationAdapter' was removed because the Java parameter type 'android.support.v7.widget.RecyclerView.Adapter' could not be found.
The constructor 'Constructor: jp.wasabeef.recyclerview.adapters.SlideInRightAnimationAdapter.SlideInRightAnimationAdapter' was removed because the Java parameter type 'android.support.v7.widget.RecyclerView.Adapter' could not be found.
The class '[Class] jp.wasabeef.recyclerview.animators.BaseItemAnimator' was removed because the Java base type 'android.support.v7.widget.SimpleItemAnimator' could not be found.
The method '[Method] void animateAddImpl(android.support.v7.widget.RecyclerView.ViewHolder holder)' was removed because the Java parameter type 'android.support.v7.widget.RecyclerView.ViewHolder' could not be found.
The method '[Method] void animateRemoveImpl(android.support.v7.widget.RecyclerView.ViewHolder holder)' was removed because the Java parameter type 'android.support.v7.widget.RecyclerView.ViewHolder' could not be found.
The method '[Method] void preAnimateAddImpl(android.support.v7.widget.RecyclerView.ViewHolder holder)' was removed because the Java parameter type 'android.support.v7.widget.RecyclerView.ViewHolder' could not be found.
The method '[Method] void animateAddImpl(android.support.v7.widget.RecyclerView.ViewHolder holder)' was removed because the Java parameter type 'android.support.v7.widget.RecyclerView.ViewHolder' could not be found.
The method '[Method] void animateRemoveImpl(android.support.v7.widget.RecyclerView.ViewHolder holder)' was removed because the Java parameter type 'android.support.v7.widget.RecyclerView.ViewHolder' could not be found.
The method '[Method] void preAnimateAddImpl(android.support.v7.widget.RecyclerView.ViewHolder holder)' was removed because the Java parameter type 'android.support.v7.widget.RecyclerView.ViewHolder' could not be found.
The method '[Method] void animateAddImpl(android.support.v7.widget.RecyclerView.ViewHolder holder)' was removed because the Java parameter type 'android.support.v7.widget.RecyclerView.ViewHolder' could not be found.
The method '[Method] void animateRemoveImpl(android.support.v7.widget.RecyclerView.ViewHolder holder)' was removed because the Java parameter type 'android.support.v7.widget.RecyclerView.ViewHolder' could not be found.
The method '[Method] void preAnimateAddImpl(android.support.v7.widget.RecyclerView.ViewHolder holder)' was removed because the Java parameter type 'android.support.v7.widget.RecyclerView.ViewHolder' could not be found.
The method '[Method] void animateAddImpl(android.support.v7.widget.RecyclerView.ViewHolder holder)' was removed because the Java parameter type 'android.support.v7.widget.RecyclerView.ViewHolder' could not be found.
The method '[Method] void animateRemoveImpl(android.support.v7.widget.RecyclerView.ViewHolder holder)' was removed because the Java parameter type 'android.support.v7.widget.RecyclerView.ViewHolder' could not be found.
The method '[Method] void preAnimateAddImpl(android.support.v7.widget.RecyclerView.ViewHolder holder)' was removed because the Java parameter type 'android.support.v7.widget.RecyclerView.ViewHolder' could not be found.
The method '[Method] void animateAddImpl(android.support.v7.widget.RecyclerView.ViewHolder holder)' was removed because the Java parameter type 'android.support.v7.widget.RecyclerView.ViewHolder' could not be found.
The method '[Method] void animateRemoveImpl(android.support.v7.widget.RecyclerView.ViewHolder holder)' was removed because the Java parameter type 'android.support.v7.widget.RecyclerView.ViewHolder' could not be found.
The method '[Method] void preAnimateAddImpl(android.support.v7.widget.RecyclerView.ViewHolder holder)' was removed because the Java parameter type 'android.support.v7.widget.RecyclerView.ViewHolder' could not be found.
The method '[Method] void animateAddImpl(android.support.v7.widget.RecyclerView.ViewHolder holder)' was removed because the Java parameter type 'android.support.v7.widget.RecyclerView.ViewHolder' could not be found.
The method '[Method] void animateRemoveImpl(android.support.v7.widget.RecyclerView.ViewHolder holder)' was removed because the Java parameter type 'android.support.v7.widget.RecyclerView.ViewHolder' could not be found.
The method '[Method] void preAnimateAddImpl(android.support.v7.widget.RecyclerView.ViewHolder holder)' was removed because the Java parameter type 'android.support.v7.widget.RecyclerView.ViewHolder' could not be found.
The method '[Method] void animateAddImpl(android.support.v7.widget.RecyclerView.ViewHolder holder)' was removed because the Java parameter type 'android.support.v7.widget.RecyclerView.ViewHolder' could not be found.
The method '[Method] void animateRemoveImpl(android.support.v7.widget.RecyclerView.ViewHolder holder)' was removed because the Java parameter type 'android.support.v7.widget.RecyclerView.ViewHolder' could not be found.
The method '[Method] void preAnimateAddImpl(android.support.v7.widget.RecyclerView.ViewHolder holder)' was removed because the Java parameter type 'android.support.v7.widget.RecyclerView.ViewHolder' could not be found.
The method '[Method] void animateAddImpl(android.support.v7.widget.RecyclerView.ViewHolder holder)' was removed because the Java parameter type 'android.support.v7.widget.RecyclerView.ViewHolder' could not be found.
The method '[Method] void animateRemoveImpl(android.support.v7.widget.RecyclerView.ViewHolder holder)' was removed because the Java parameter type 'android.support.v7.widget.RecyclerView.ViewHolder' could not be found.
The method '[Method] void preAnimateAddImpl(android.support.v7.widget.RecyclerView.ViewHolder holder)' was removed because the Java parameter type 'android.support.v7.widget.RecyclerView.ViewHolder' could not be found.
The method '[Method] void animateAddImpl(android.support.v7.widget.RecyclerView.ViewHolder holder)' was removed because the Java parameter type 'android.support.v7.widget.RecyclerView.ViewHolder' could not be found.
The method '[Method] void animateRemoveImpl(android.support.v7.widget.RecyclerView.ViewHolder holder)' was removed because the Java parameter type 'android.support.v7.widget.RecyclerView.ViewHolder' could not be found.
The method '[Method] void preAnimateAddImpl(android.support.v7.widget.RecyclerView.ViewHolder holder)' was removed because the Java parameter type 'android.support.v7.widget.RecyclerView.ViewHolder' could not be found.
The method '[Method] void animateAddImpl(android.support.v7.widget.RecyclerView.ViewHolder holder)' was removed because the Java parameter type 'android.support.v7.widget.RecyclerView.ViewHolder' could not be found.
The method '[Method] void animateRemoveImpl(android.support.v7.widget.RecyclerView.ViewHolder holder)' was removed because the Java parameter type 'android.support.v7.widget.RecyclerView.ViewHolder' could not be found.
The method '[Method] void preAnimateAddImpl(android.support.v7.widget.RecyclerView.ViewHolder holder)' was removed because the Java parameter type 'android.support.v7.widget.RecyclerView.ViewHolder' could not be found.
The method '[Method] void animateAddImpl(android.support.v7.widget.RecyclerView.ViewHolder holder)' was removed because the Java parameter type 'android.support.v7.widget.RecyclerView.ViewHolder' could not be found.
The method '[Method] void animateRemoveImpl(android.support.v7.widget.RecyclerView.ViewHolder holder)' was removed because the Java parameter type 'android.support.v7.widget.RecyclerView.ViewHolder' could not be found.
The method '[Method] void preAnimateAddImpl(android.support.v7.widget.RecyclerView.ViewHolder holder)' was removed because the Java parameter type 'android.support.v7.widget.RecyclerView.ViewHolder' could not be found.
The method '[Method] void animateAddImpl(android.support.v7.widget.RecyclerView.ViewHolder holder)' was removed because the Java parameter type 'android.support.v7.widget.RecyclerView.ViewHolder' could not be found.
The method '[Method] void animateRemoveImpl(android.support.v7.widget.RecyclerView.ViewHolder holder)' was removed because the Java parameter type 'android.support.v7.widget.RecyclerView.ViewHolder' could not be found.
The method '[Method] void preAnimateAddImpl(android.support.v7.widget.RecyclerView.ViewHolder holder)' was removed because the Java parameter type 'android.support.v7.widget.RecyclerView.ViewHolder' could not be found.
The method '[Method] void animateAddImpl(android.support.v7.widget.RecyclerView.ViewHolder holder)' was removed because the Java parameter type 'android.support.v7.widget.RecyclerView.ViewHolder' could not be found.
The method '[Method] void animateRemoveImpl(android.support.v7.widget.RecyclerView.ViewHolder holder)' was removed because the Java parameter type 'android.support.v7.widget.RecyclerView.ViewHolder' could not be found.
The method '[Method] void preAnimateAddImpl(android.support.v7.widget.RecyclerView.ViewHolder holder)' was removed because the Java parameter type 'android.support.v7.widget.RecyclerView.ViewHolder' could not be found.
The method '[Method] void animateAddImpl(android.support.v7.widget.RecyclerView.ViewHolder holder)' was removed because the Java parameter type 'android.support.v7.widget.RecyclerView.ViewHolder' could not be found.
The method '[Method] void animateRemoveImpl(android.support.v7.widget.RecyclerView.ViewHolder holder)' was removed because the Java parameter type 'android.support.v7.widget.RecyclerView.ViewHolder' could not be found.
The method '[Method] void preAnimateAddImpl(android.support.v7.widget.RecyclerView.ViewHolder holder)' was removed because the Java parameter type 'android.support.v7.widget.RecyclerView.ViewHolder' could not be found.
The method '[Method] void preAnimateRemoveImpl(android.support.v7.widget.RecyclerView.ViewHolder holder)' was removed because the Java parameter type 'android.support.v7.widget.RecyclerView.ViewHolder' could not be found.
The method '[Method] void animateAddImpl(android.support.v7.widget.RecyclerView.ViewHolder holder)' was removed because the Java parameter type 'android.support.v7.widget.RecyclerView.ViewHolder' could not be found.
The method '[Method] void animateRemoveImpl(android.support.v7.widget.RecyclerView.ViewHolder holder)' was removed because the Java parameter type 'android.support.v7.widget.RecyclerView.ViewHolder' could not be found.
The method '[Method] void preAnimateAddImpl(android.support.v7.widget.RecyclerView.ViewHolder holder)' was removed because the Java parameter type 'android.support.v7.widget.RecyclerView.ViewHolder' could not be found.
The method '[Method] void preAnimateRemoveImpl(android.support.v7.widget.RecyclerView.ViewHolder holder)' was removed because the Java parameter type 'android.support.v7.widget.RecyclerView.ViewHolder' could not be found.
The method '[Method] void animateAddImpl(android.support.v7.widget.RecyclerView.ViewHolder holder)' was removed because the Java parameter type 'android.support.v7.widget.RecyclerView.ViewHolder' could not be found.
The method '[Method] void animateRemoveImpl(android.support.v7.widget.RecyclerView.ViewHolder holder)' was removed because the Java parameter type 'android.support.v7.widget.RecyclerView.ViewHolder' could not be found.
The method '[Method] void preAnimateAddImpl(android.support.v7.widget.RecyclerView.ViewHolder holder)' was removed because the Java parameter type 'android.support.v7.widget.RecyclerView.ViewHolder' could not be found.
The method '[Method] void preAnimateRemoveImpl(android.support.v7.widget.RecyclerView.ViewHolder holder)' was removed because the Java parameter type 'android.support.v7.widget.RecyclerView.ViewHolder' could not be found.
The method '[Method] void animateAddImpl(android.support.v7.widget.RecyclerView.ViewHolder holder)' was removed because the Java parameter type 'android.support.v7.widget.RecyclerView.ViewHolder' could not be found.
The method '[Method] void animateRemoveImpl(android.support.v7.widget.RecyclerView.ViewHolder holder)' was removed because the Java parameter type 'android.support.v7.widget.RecyclerView.ViewHolder' could not be found.
The method '[Method] void preAnimateAddImpl(android.support.v7.widget.RecyclerView.ViewHolder holder)' was removed because the Java parameter type 'android.support.v7.widget.RecyclerView.ViewHolder' could not be found.
The method '[Method] void preAnimateRemoveImpl(android.support.v7.widget.RecyclerView.ViewHolder holder)' was removed because the Java parameter type 'android.support.v7.widget.RecyclerView.ViewHolder' could not be found.
The method '[Method] void animateAddImpl(android.support.v7.widget.RecyclerView.ViewHolder holder)' was removed because the Java parameter type 'android.support.v7.widget.RecyclerView.ViewHolder' could not be found.
The method '[Method] void animateRemoveImpl(android.support.v7.widget.RecyclerView.ViewHolder holder)' was removed because the Java parameter type 'android.support.v7.widget.RecyclerView.ViewHolder' could not be found.
The method '[Method] void preAnimateAddImpl(android.support.v7.widget.RecyclerView.ViewHolder holder)' was removed because the Java parameter type 'android.support.v7.widget.RecyclerView.ViewHolder' could not be found.
The method '[Method] void animateAddImpl(android.support.v7.widget.RecyclerView.ViewHolder holder)' was removed because the Java parameter type 'android.support.v7.widget.RecyclerView.ViewHolder' could not be found.
The method '[Method] void animateRemoveImpl(android.support.v7.widget.RecyclerView.ViewHolder holder)' was removed because the Java parameter type 'android.support.v7.widget.RecyclerView.ViewHolder' could not be found.
The method '[Method] void preAnimateAddImpl(android.support.v7.widget.RecyclerView.ViewHolder holder)' was removed because the Java parameter type 'android.support.v7.widget.RecyclerView.ViewHolder' could not be found.
The method '[Method] void animateAddImpl(android.support.v7.widget.RecyclerView.ViewHolder holder)' was removed because the Java parameter type 'android.support.v7.widget.RecyclerView.ViewHolder' could not be found.
The method '[Method] void animateRemoveImpl(android.support.v7.widget.RecyclerView.ViewHolder holder)' was removed because the Java parameter type 'android.support.v7.widget.RecyclerView.ViewHolder' could not be found.
The method '[Method] void preAnimateAddImpl(android.support.v7.widget.RecyclerView.ViewHolder holder)' was removed because the Java parameter type 'android.support.v7.widget.RecyclerView.ViewHolder' could not be found.
The method '[Method] void animateAddImpl(android.support.v7.widget.RecyclerView.ViewHolder holder)' was removed because the Java parameter type 'android.support.v7.widget.RecyclerView.ViewHolder' could not be found.
The method '[Method] void animateRemoveImpl(android.support.v7.widget.RecyclerView.ViewHolder holder)' was removed because the Java parameter type 'android.support.v7.widget.RecyclerView.ViewHolder' could not be found.
The method '[Method] void preAnimateAddImpl(android.support.v7.widget.RecyclerView.ViewHolder holder)' was removed because the Java parameter type 'android.support.v7.widget.RecyclerView.ViewHolder' could not be found.
The method '[Method] void animateAddImpl(android.support.v7.widget.RecyclerView.ViewHolder p0, android.support.v4.view.ViewPropertyAnimatorListener p1)' was removed because the Java parameter type 'android.support.v7.widget.RecyclerView.ViewHolder' could not be found.
The method '[Method] void animateAddImpl(android.support.v7.widget.RecyclerView.ViewHolder p0, android.support.v4.view.ViewPropertyAnimatorListener p1)' was removed because the Java parameter type 'android.support.v4.view.ViewPropertyAnimatorListener' could not be found.
The method '[Method] void animateRemoveImpl(android.support.v7.widget.RecyclerView.ViewHolder p0, android.support.v4.view.ViewPropertyAnimatorListener p1)' was removed because the Java parameter type 'android.support.v7.widget.RecyclerView.ViewHolder' could not be found.
The method '[Method] void animateRemoveImpl(android.support.v7.widget.RecyclerView.ViewHolder p0, android.support.v4.view.ViewPropertyAnimatorListener p1)' was removed because the Java parameter type 'android.support.v4.view.ViewPropertyAnimatorListener' could not be found.
The method '[Method] void preAnimateAddImpl(android.support.v7.widget.RecyclerView.ViewHolder p0)' was removed because the Java parameter type 'android.support.v7.widget.RecyclerView.ViewHolder' could not be found.
The method '[Method] void preAnimateRemoveImpl(android.support.v7.widget.RecyclerView.ViewHolder p0)' was removed because the Java parameter type 'android.support.v7.widget.RecyclerView.ViewHolder' could not be found.

==== Cycle 2 ====

The class '[Class] jp.wasabeef.recyclerview.adapters.AlphaInAnimationAdapter' was removed because the Java base type 'jp.wasabeef.recyclerview.adapters.AnimationAdapter' could not be found.
The class '[Class] jp.wasabeef.recyclerview.adapters.ScaleInAnimationAdapter' was removed because the Java base type 'jp.wasabeef.recyclerview.adapters.AnimationAdapter' could not be found.
The class '[Class] jp.wasabeef.recyclerview.adapters.SlideInBottomAnimationAdapter' was removed because the Java base type 'jp.wasabeef.recyclerview.adapters.AnimationAdapter' could not be found.
The class '[Class] jp.wasabeef.recyclerview.adapters.SlideInLeftAnimationAdapter' was removed because the Java base type 'jp.wasabeef.recyclerview.adapters.AnimationAdapter' could not be found.
The class '[Class] jp.wasabeef.recyclerview.adapters.SlideInRightAnimationAdapter' was removed because the Java base type 'jp.wasabeef.recyclerview.adapters.AnimationAdapter' could not be found.
The class '[Class] jp.wasabeef.recyclerview.animators.FadeInAnimator' was removed because the Java base type 'jp.wasabeef.recyclerview.animators.BaseItemAnimator' could not be found.
The class '[Class] jp.wasabeef.recyclerview.animators.FadeInDownAnimator' was removed because the Java base type 'jp.wasabeef.recyclerview.animators.BaseItemAnimator' could not be found.
The class '[Class] jp.wasabeef.recyclerview.animators.FadeInLeftAnimator' was removed because the Java base type 'jp.wasabeef.recyclerview.animators.BaseItemAnimator' could not be found.
The class '[Class] jp.wasabeef.recyclerview.animators.FadeInRightAnimator' was removed because the Java base type 'jp.wasabeef.recyclerview.animators.BaseItemAnimator' could not be found.
The class '[Class] jp.wasabeef.recyclerview.animators.FadeInUpAnimator' was removed because the Java base type 'jp.wasabeef.recyclerview.animators.BaseItemAnimator' could not be found.
The class '[Class] jp.wasabeef.recyclerview.animators.FlipInBottomXAnimator' was removed because the Java base type 'jp.wasabeef.recyclerview.animators.BaseItemAnimator' could not be found.
The class '[Class] jp.wasabeef.recyclerview.animators.FlipInLeftYAnimator' was removed because the Java base type 'jp.wasabeef.recyclerview.animators.BaseItemAnimator' could not be found.
The class '[Class] jp.wasabeef.recyclerview.animators.FlipInRightYAnimator' was removed because the Java base type 'jp.wasabeef.recyclerview.animators.BaseItemAnimator' could not be found.
The class '[Class] jp.wasabeef.recyclerview.animators.FlipInTopXAnimator' was removed because the Java base type 'jp.wasabeef.recyclerview.animators.BaseItemAnimator' could not be found.
The class '[Class] jp.wasabeef.recyclerview.animators.LandingAnimator' was removed because the Java base type 'jp.wasabeef.recyclerview.animators.BaseItemAnimator' could not be found.
The class '[Class] jp.wasabeef.recyclerview.animators.OvershootInLeftAnimator' was removed because the Java base type 'jp.wasabeef.recyclerview.animators.BaseItemAnimator' could not be found.
The class '[Class] jp.wasabeef.recyclerview.animators.OvershootInRightAnimator' was removed because the Java base type 'jp.wasabeef.recyclerview.animators.BaseItemAnimator' could not be found.
The class '[Class] jp.wasabeef.recyclerview.animators.ScaleInAnimator' was removed because the Java base type 'jp.wasabeef.recyclerview.animators.BaseItemAnimator' could not be found.
The class '[Class] jp.wasabeef.recyclerview.animators.ScaleInBottomAnimator' was removed because the Java base type 'jp.wasabeef.recyclerview.animators.BaseItemAnimator' could not be found.
The class '[Class] jp.wasabeef.recyclerview.animators.ScaleInLeftAnimator' was removed because the Java base type 'jp.wasabeef.recyclerview.animators.BaseItemAnimator' could not be found.
The class '[Class] jp.wasabeef.recyclerview.animators.ScaleInRightAnimator' was removed because the Java base type 'jp.wasabeef.recyclerview.animators.BaseItemAnimator' could not be found.
The class '[Class] jp.wasabeef.recyclerview.animators.ScaleInTopAnimator' was removed because the Java base type 'jp.wasabeef.recyclerview.animators.BaseItemAnimator' could not be found.
The class '[Class] jp.wasabeef.recyclerview.animators.SlideInDownAnimator' was removed because the Java base type 'jp.wasabeef.recyclerview.animators.BaseItemAnimator' could not be found.
The class '[Class] jp.wasabeef.recyclerview.animators.SlideInLeftAnimator' was removed because the Java base type 'jp.wasabeef.recyclerview.animators.BaseItemAnimator' could not be found.
The class '[Class] jp.wasabeef.recyclerview.animators.SlideInRightAnimator' was removed because the Java base type 'jp.wasabeef.recyclerview.animators.BaseItemAnimator' could not be found.
The class '[Class] jp.wasabeef.recyclerview.animators.SlideInUpAnimator' was removed because the Java base type 'jp.wasabeef.recyclerview.animators.BaseItemAnimator' could not be found.

